# Activity Log

## Run Summary

## Events
[2026-03-24 12:54:05] PLAN START 
[2026-03-24 12:55:42] PLAN PASS duration=97s Behaviors and interfaces generated
[2026-03-24 13:09:44] PLAN START 
[2026-03-24 13:11:18] PLAN PASS duration=94s Behaviors and interfaces generated
[2026-03-24 13:12:31] PLAN START 
[2026-03-24 13:14:21] PLAN PASS duration=110s Behaviors and interfaces generated
[2026-03-24 13:14:21] RED START 
[2026-03-24 13:17:09] RED PASS duration=168s Test written for B001
[2026-03-24 13:36:52] PLAN START 
[2026-03-24 13:38:16] PLAN PASS duration=84s Behaviors and interfaces generated
[2026-03-24 13:38:16] RED START 
[2026-03-24 13:39:26] RED PASS duration=70s Test written for B001
[2026-03-24 13:39:26] VERIFY_RED START 
[2026-03-24 13:39:28] VERIFY_RED FAIL duration=2s B001
[2026-03-24 13:39:28] RED START 
[2026-03-24 13:41:17] RED PASS duration=109s Test written for B001
[2026-03-24 13:41:17] VERIFY_RED START 
[2026-03-24 13:41:19] VERIFY_RED FAIL duration=2s B001
[2026-03-24 13:41:19] RED START 
[2026-03-24 13:42:58] RED PASS duration=99s Test written for B001
[2026-03-24 13:42:58] VERIFY_RED START 
[2026-03-24 13:42:59] VERIFY_RED FAIL duration=1s B001
[2026-03-24 13:42:59] HUMAN ABORT behavior=B001 step=VERIFY_RED
[2026-03-24 13:54:03] PLAN START 
[2026-03-24 13:55:56] PLAN PASS duration=113s Behaviors and interfaces generated
[2026-03-24 13:55:56] RED START 
[2026-03-24 13:57:26] RED PASS duration=90s Test written for B001
[2026-03-24 13:57:26] VERIFY_RED START 
[2026-03-24 13:57:27] VERIFY_RED PASS duration=1s B001
[2026-03-24 13:57:27] VALIDATE START 
[2026-03-24 13:58:14] VALIDATE FAIL duration=47s Test rejected for B001
[2026-03-24 13:58:14] RED START 
[2026-03-24 14:01:04] RED PASS duration=170s Test written for B001
[2026-03-24 14:01:04] VERIFY_RED START 
[2026-03-24 14:01:06] VERIFY_RED PASS duration=2s B001
[2026-03-24 14:01:06] VALIDATE START 
[2026-03-24 14:02:09] VALIDATE PASS duration=63s Test approved for B001
[2026-03-24 14:02:09] GREEN START 
[2026-03-24 14:03:11] GREEN PASS duration=62s Implementation written for B001
[2026-03-24 14:03:12] VERIFY_GREEN START 
[2026-03-24 14:03:13] VERIFY_GREEN PASS duration=1s B001
[2026-03-24 14:03:13] PROGRESS START 
